Mplus VERSION 8
MUTHEN & MUTHEN
11/18/2019   7:15 AM

INPUT INSTRUCTIONS

  TITLE:
      efa for daily bp data
  DATA:
      FILE IS C:\Users\cochran\Documents\DailyBP\dailybp.dat;
  VARIABLE:
      NAMES ARE user, y1-y12;
      USEV=y1-y12;
      CATEGORICAL=y1-y12;
      CLUSTER=user;
      MISSING ARE ALL(999);
  ANALYSIS:
        TYPE        = COMPLEX EFA 2 6;
        ESTIMATOR   = WLSMV;
        ROTATION    = GEOMIN;
        ITERATIONS  = 1000;
  PLOT:
        TYPE        = PLOT2;
  OUTPUT:
        STDY, MODINDICES(3.84);;



*** WARNING in OUTPUT command
  STANDARDIZED (STD, STDY, STDYX) options are not available for TYPE=EFA.
  Request for STANDARDIZED options will be ignored.  Note that STANDARDIZED options
  are available with the use of EFA factors (ESEM) declared in the MODEL command.
*** WARNING
  Data set contains cases with missing on all variables.
  These cases were not included in the analysis.
  Number of cases with missing on all variables:  360
   2 WARNING(S) FOUND IN THE INPUT INSTRUCTIONS




efa for daily bp data

SUMMARY OF ANALYSIS

Number of groups                                                 1
Number of observations                                        1614

Number of dependent variables                                   12
Number of independent variables                                  0
Number of continuous latent variables                            0

Observed dependent variables

  Binary and ordered categorical (ordinal)
   Y1          Y2          Y3          Y4          Y5          Y6
   Y7          Y8          Y9          Y10         Y11         Y12

Variables with special functions

  Cluster variable      USER

Estimator                                                    WLSMV
Rotation                                                    GEOMIN
Row standardization                                    CORRELATION
Type of rotation                                           OBLIQUE
Epsilon value                                               Varies
Maximum number of iterations                                  1000
Convergence criterion                                    0.500D-04
Maximum number of steepest descent iterations                   20
Maximum number of iterations for H1                           2000
Convergence criterion for H1                             0.100D-03
Optimization Specifications for the Exploratory Factor Analysis
Rotation Algorithm
  Number of random starts                                       30
  Maximum number of iterations                               10000
  Derivative convergence criterion                       0.100D-04
Link                                                        PROBIT

Input data file(s)
  C:\Users\cochran\Documents\DailyBP\dailybp.dat

Input data format  FREE


SUMMARY OF DATA

     Number of missing data patterns             3
     Number of clusters          43



COVARIANCE COVERAGE OF DATA

Minimum covariance coverage value   0.100


     PROPORTION OF DATA PRESENT


           Covariance Coverage
              Y1            Y2            Y3            Y4            Y5
              ________      ________      ________      ________      ________
 Y1             0.873
 Y2             0.873         0.873
 Y3             0.873         0.873         0.873
 Y4             0.873         0.873         0.873         0.873
 Y5             0.873         0.873         0.873         0.873         0.873
 Y6             0.873         0.873         0.873         0.873         0.873
 Y7             0.755         0.755         0.755         0.755         0.755
 Y8             0.755         0.755         0.755         0.755         0.755
 Y9             0.755         0.755         0.755         0.755         0.755
 Y10            0.755         0.755         0.755         0.755         0.755
 Y11            0.755         0.755         0.755         0.755         0.755
 Y12            0.755         0.755         0.755         0.755         0.755


           Covariance Coverage
              Y6            Y7            Y8            Y9            Y10
              ________      ________      ________      ________      ________
 Y6             0.873
 Y7             0.755         0.882
 Y8             0.755         0.882         0.882
 Y9             0.755         0.882         0.882         0.882
 Y10            0.755         0.882         0.882         0.882         0.882
 Y11            0.755         0.882         0.882         0.882         0.882
 Y12            0.755         0.882         0.882         0.882         0.882


           Covariance Coverage
              Y11           Y12
              ________      ________
 Y11            0.882
 Y12            0.882         0.882


UNIVARIATE PROPORTIONS AND COUNTS FOR CATEGORICAL VARIABLES

    Y1
      Category 1    0.592          834.000
      Category 2    0.287          404.000
      Category 3    0.095          134.000
      Category 4    0.026           37.000
    Y2
      Category 1    0.520          733.000
      Category 2    0.310          437.000
      Category 3    0.130          183.000
      Category 4    0.040           56.000
    Y3
      Category 1    0.791         1115.000
      Category 2    0.125          176.000
      Category 3    0.046           65.000
      Category 4    0.038           53.000
    Y4
      Category 1    0.815         1148.000
      Category 2    0.126          178.000
      Category 3    0.049           69.000
      Category 4    0.010           14.000
    Y5
      Category 1    0.908         1280.000
      Category 2    0.060           85.000
      Category 3    0.028           40.000
      Category 4    0.003            4.000
    Y6
      Category 1    0.688          969.000
      Category 2    0.192          270.000
      Category 3    0.089          126.000
      Category 4    0.031           44.000
    Y7
      Category 1    0.556          791.000
      Category 2    0.268          381.000
      Category 3    0.143          203.000
      Category 4    0.034           48.000
    Y8
      Category 1    0.490          697.000
      Category 2    0.297          423.000
      Category 3    0.148          210.000
      Category 4    0.065           93.000
    Y9
      Category 1    0.725         1031.000
      Category 2    0.148          211.000
      Category 3    0.065           92.000
      Category 4    0.063           89.000
    Y10
      Category 1    0.748         1064.000
      Category 2    0.186          264.000
      Category 3    0.056           80.000
      Category 4    0.011           15.000
    Y11
      Category 1    0.833         1186.000
      Category 2    0.115          163.000
      Category 3    0.040           57.000
      Category 4    0.012           17.000
    Y12
      Category 1    0.642          914.000
      Category 2    0.200          285.000
      Category 3    0.113          161.000
      Category 4    0.044           63.000



     STANDARD ERRORS COULD NOT BE COMPUTED.
     PROBLEM OCCURRED IN EXPLORATORY FACTOR ANALYSIS WITH 5 FACTOR(S).
     THE CONDITION NUMBER OF THE ROTATED SOLUTION IS 0.385D-11.
     THE OPTIMAL ROTATION IS NOT SUFFICIENTLY IDENTIFIED.
     CHANGING THE ROTATION METHOD MAY RESOLVE THIS PROBLEM.



SUMMARY OF MODEL FIT INFORMATION


                   Number of                   Degrees of
     Model        Parameters      Chi-Square    Freedom     P-Value

     2-factor          23            126.306        43       0.0000
     3-factor          33            100.799        33       0.0000
     4-factor          42             92.519        24       0.0000
     5-factor          50             63.894        16       0.0000
     6-factor          57             28.139         9       0.0009

                                               Degrees of
     Models Compared              Chi-Square    Freedom     P-Value

     2-factor against 3-factor        40.977        10       0.0000
     3-factor against 4-factor        29.986         9       0.0004
     4-factor against 5-factor        46.002         8       0.0000
     5-factor against 6-factor        38.388         7       0.0000



RESULTS FOR EXPLORATORY FACTOR ANALYSIS


           EIGENVALUES FOR SAMPLE CORRELATION MATRIX
                  1             2             3             4             5
              ________      ________      ________      ________      ________
                5.226         2.736         0.985         0.818         0.608


           EIGENVALUES FOR SAMPLE CORRELATION MATRIX
                  6             7             8             9            10
              ________      ________      ________      ________      ________
                0.561         0.469         0.263         0.144         0.121


           EIGENVALUES FOR SAMPLE CORRELATION MATRIX
                 11            12
              ________      ________
                0.075        -0.006


EXPLORATORY FACTOR ANALYSIS WITH 2 FACTOR(S):


MODEL FIT INFORMATION

Number of Free Parameters                       23

Chi-Square Test of Model Fit

          Value                            126.306*
          Degrees of Freedom                    43
          P-Value                           0.0000

*   The chi-square value for MLM, MLMV, MLR, ULSMV, WLSM and WLSMV cannot be used
    for chi-square difference testing in the regular way.  MLM, MLR and WLSM
    chi-square difference testing is described on the Mplus website.  MLMV, WLSMV,
    and ULSMV difference testing is done using the DIFFTEST option.

RMSEA (Root Mean Square Error Of Approximation)

          Estimate                           0.035
          90 Percent C.I.                    0.028  0.042
          Probability RMSEA <= .05           1.000

CFI/TLI

          CFI                                0.921
          TLI                                0.879

Chi-Square Test of Model Fit for the Baseline Model

          Value                           1120.115
          Degrees of Freedom                    66
          P-Value                           0.0000

SRMR (Standardized Root Mean Square Residual)

          Value                              0.088



MINIMUM ROTATION FUNCTION VALUE       1.26957



           GEOMIN ROTATED LOADINGS (* significant at 5% level)
                  1             2
              ________      ________
 Y1             0.838*       -0.006
 Y2             0.772*        0.009
 Y3             0.639*        0.321*
 Y4            -0.086         0.824*
 Y5             0.005         0.859*
 Y6             0.510*        0.558*
 Y7             0.866*       -0.119*
 Y8             0.785*       -0.012
 Y9             0.647*        0.283*
 Y10           -0.114         0.894*
 Y11            0.044         0.824*
 Y12            0.536*        0.446*


           GEOMIN FACTOR CORRELATIONS (* significant at 5% level)
                  1             2
              ________      ________
      1         1.000
      2         0.146         1.000


           ESTIMATED RESIDUAL VARIANCES
              Y1            Y2            Y3            Y4            Y5
              ________      ________      ________      ________      ________
                0.300         0.403         0.429         0.334         0.260


           ESTIMATED RESIDUAL VARIANCES
              Y6            Y7            Y8            Y9            Y10
              ________      ________      ________      ________      ________
                0.345         0.266         0.387         0.447         0.217


           ESTIMATED RESIDUAL VARIANCES
              Y11           Y12
              ________      ________
                0.308         0.444


           S.E. GEOMIN ROTATED LOADINGS
                  1             2
              ________      ________
 Y1             0.026         0.038
 Y2             0.040         0.049
 Y3             0.052         0.092
 Y4             0.116         0.038
 Y5             0.006         0.044
 Y6             0.040         0.055
 Y7             0.034         0.052
 Y8             0.034         0.040
 Y9             0.052         0.083
 Y10            0.113         0.050
 Y11            0.049         0.041
 Y12            0.046         0.072


           S.E. GEOMIN FACTOR CORRELATIONS
                  1             2
              ________      ________
      1         0.000
      2         0.123         0.000


           S.E. ESTIMATED RESIDUAL VARIANCES
              Y1            Y2            Y3            Y4            Y5
              ________      ________      ________      ________      ________
                0.044         0.060         0.077         0.060         0.075


           S.E. ESTIMATED RESIDUAL VARIANCES
              Y6            Y7            Y8            Y9            Y10
              ________      ________      ________      ________      ________
                0.057         0.050         0.052         0.076         0.079


           S.E. ESTIMATED RESIDUAL VARIANCES
              Y11           Y12
              ________      ________
                0.067         0.050


           Est./S.E. GEOMIN ROTATED LOADINGS
                  1             2
              ________      ________
 Y1            31.630        -0.156
 Y2            19.187         0.191
 Y3            12.244         3.488
 Y4            -0.739        21.783
 Y5             0.733        19.448
 Y6            12.746        10.110
 Y7            25.259        -2.307
 Y8            22.984        -0.302
 Y9            12.565         3.432
 Y10           -1.013        17.840
 Y11            0.909        19.865
 Y12           11.639         6.149


           Est./S.E. GEOMIN FACTOR CORRELATIONS
                  1             2
              ________      ________
      1         0.000
      2         1.191         0.000


           Est./S.E. ESTIMATED RESIDUAL VARIANCES
              Y1            Y2            Y3            Y4            Y5
              ________      ________      ________      ________      ________
                6.809         6.697         5.573         5.551         3.453


           Est./S.E. ESTIMATED RESIDUAL VARIANCES
              Y6            Y7            Y8            Y9            Y10
              ________      ________      ________      ________      ________
                6.019         5.318         7.465         5.892         2.750


           Est./S.E. ESTIMATED RESIDUAL VARIANCES
              Y11           Y12
              ________      ________
                4.592         8.834


           FACTOR STRUCTURE
                  1             2
              ________      ________
 Y1             0.837         0.117
 Y2             0.773         0.122
 Y3             0.686         0.415
 Y4             0.035         0.811
 Y5             0.130         0.860
 Y6             0.592         0.632
 Y7             0.849         0.008
 Y8             0.783         0.103
 Y9             0.689         0.378
 Y10            0.016         0.877
 Y11            0.165         0.831
 Y12            0.602         0.524


EXPLORATORY FACTOR ANALYSIS WITH 3 FACTOR(S):


MODEL FIT INFORMATION

Number of Free Parameters                       33

Chi-Square Test of Model Fit

          Value                            100.799*
          Degrees of Freedom                    33
          P-Value                           0.0000

*   The chi-square value for MLM, MLMV, MLR, ULSMV, WLSM and WLSMV cannot be used
    for chi-square difference testing in the regular way.  MLM, MLR and WLSM
    chi-square difference testing is described on the Mplus website.  MLMV, WLSMV,
    and ULSMV difference testing is done using the DIFFTEST option.

RMSEA (Root Mean Square Error Of Approximation)

          Estimate                           0.036
          90 Percent C.I.                    0.028  0.044
          Probability RMSEA <= .05           0.999

CFI/TLI

          CFI                                0.936
          TLI                                0.871

Chi-Square Test of Model Fit for the Baseline Model

          Value                           1120.115
          Degrees of Freedom                    66
          P-Value                           0.0000

SRMR (Standardized Root Mean Square Residual)

          Value                              0.071



MINIMUM ROTATION FUNCTION VALUE       0.64559



           GEOMIN ROTATED LOADINGS (* significant at 5% level)
                  1             2             3
              ________      ________      ________
 Y1             0.871*       -0.098*       -0.181
 Y2             0.701*       -0.593*        0.014
 Y3             0.770*        0.398*        0.000
 Y4            -0.027         0.380*        0.753*
 Y5             0.087         0.411*        0.753*
 Y6             0.558*        0.046         0.421*
 Y7             0.943*        0.003        -0.351*
 Y8             0.755*       -0.240*       -0.100
 Y9             0.734*        0.275*        0.031
 Y10           -0.128        -0.076         0.918*
 Y11            0.017        -0.177         0.876*
 Y12            0.573*       -0.004         0.323*


           GEOMIN FACTOR CORRELATIONS (* significant at 5% level)
                  1             2             3
              ________      ________      ________
      1         1.000
      2        -0.003         1.000
      3         0.347*        0.077         1.000


           ESTIMATED RESIDUAL VARIANCES
              Y1            Y2            Y3            Y4            Y5
              ________      ________      ________      ________      ________
                0.305         0.149         0.251         0.259         0.164


           ESTIMATED RESIDUAL VARIANCES
              Y6            Y7            Y8            Y9            Y10
              ________      ________      ________      ________      ________
                0.343         0.218         0.410         0.368         0.227


           ESTIMATED RESIDUAL VARIANCES
              Y11           Y12
              ________      ________
                0.214         0.439


           S.E. GEOMIN ROTATED LOADINGS
                  1             2             3
              ________      ________      ________
 Y1             0.057         0.046         0.094
 Y2             0.151         0.119         0.008
 Y3             0.109         0.132         0.010
 Y4             0.035         0.103         0.069
 Y5             0.154         0.099         0.093
 Y6             0.063         0.076         0.089
 Y7             0.059         0.009         0.104
 Y8             0.086         0.072         0.058
 Y9             0.097         0.080         0.049
 Y10            0.075         0.125         0.053
 Y11            0.016         0.121         0.051
 Y12            0.063         0.019         0.089


           S.E. GEOMIN FACTOR CORRELATIONS
                  1             2             3
              ________      ________      ________
      1         0.000
      2         0.241         0.000
      3         0.133         0.228         0.000


           S.E. ESTIMATED RESIDUAL VARIANCES
              Y1            Y2            Y3            Y4            Y5
              ________      ________      ________      ________      ________
                0.044         0.094         0.090         0.055         0.075


           S.E. ESTIMATED RESIDUAL VARIANCES
              Y6            Y7            Y8            Y9            Y10
              ________      ________      ________      ________      ________
                0.056         0.059         0.056         0.088         0.079


           S.E. ESTIMATED RESIDUAL VARIANCES
              Y11           Y12
              ________      ________
                0.069         0.050


           Est./S.E. GEOMIN ROTATED LOADINGS
                  1             2             3
              ________      ________      ________
 Y1            15.257        -2.139        -1.928
 Y2             4.638        -4.966         1.694
 Y3             7.086         3.012        -0.005
 Y4            -0.772         3.673        10.885
 Y5             0.566         4.175         8.132
 Y6             8.912         0.601         4.752
 Y7            15.933         0.371        -3.383
 Y8             8.801        -3.348        -1.741
 Y9             7.604         3.439         0.645
 Y10           -1.707        -0.604        17.308
 Y11            1.068        -1.466        17.273
 Y12            9.115        -0.204         3.635


           Est./S.E. GEOMIN FACTOR CORRELATIONS
                  1             2             3
              ________      ________      ________
      1         0.000
      2        -0.013         0.000
      3         2.607         0.337         0.000


           Est./S.E. ESTIMATED RESIDUAL VARIANCES
              Y1            Y2            Y3            Y4            Y5
              ________      ________      ________      ________      ________
                7.011         1.586         2.778         4.708         2.196


           Est./S.E. ESTIMATED RESIDUAL VARIANCES
              Y6            Y7            Y8            Y9            Y10
              ________      ________      ________      ________      ________
                6.110         3.717         7.325         4.189         2.887


           Est./S.E. ESTIMATED RESIDUAL VARIANCES
              Y11           Y12
              ________      ________
                3.129         8.761


           FACTOR STRUCTURE
                  1             2             3
              ________      ________      ________
 Y1             0.809        -0.114         0.114
 Y2             0.708        -0.594         0.212
 Y3             0.768         0.396         0.298
 Y4             0.233         0.438         0.772
 Y5             0.347         0.469         0.814
 Y6             0.704         0.077         0.618
 Y7             0.821        -0.027        -0.024
 Y8             0.721        -0.250         0.143
 Y9             0.744         0.275         0.307
 Y10            0.191        -0.005         0.868
 Y11            0.321        -0.110         0.868
 Y12            0.685         0.019         0.521


EXPLORATORY FACTOR ANALYSIS WITH 4 FACTOR(S):


MODEL FIT INFORMATION

Number of Free Parameters                       42

Chi-Square Test of Model Fit

          Value                             92.519*
          Degrees of Freedom                    24
          P-Value                           0.0000

*   The chi-square value for MLM, MLMV, MLR, ULSMV, WLSM and WLSMV cannot be used
    for chi-square difference testing in the regular way.  MLM, MLR and WLSM
    chi-square difference testing is described on the Mplus website.  MLMV, WLSMV,
    and ULSMV difference testing is done using the DIFFTEST option.

RMSEA (Root Mean Square Error Of Approximation)

          Estimate                           0.042
          90 Percent C.I.                    0.033  0.051
          Probability RMSEA <= .05           0.920

CFI/TLI

          CFI                                0.935
          TLI                                0.821

Chi-Square Test of Model Fit for the Baseline Model

          Value                           1120.115
          Degrees of Freedom                    66
          P-Value                           0.0000

SRMR (Standardized Root Mean Square Residual)

          Value                              0.053



MINIMUM ROTATION FUNCTION VALUE       0.69269



           GEOMIN ROTATED LOADINGS (* significant at 5% level)
                  1             2             3             4
              ________      ________      ________      ________
 Y1             0.170*        0.041         0.381*        0.514*
 Y2             0.868*        0.011         0.423         0.031
 Y3            -0.131        -0.001         0.960*       -0.023
 Y4            -0.447*        0.808*        0.033        -0.029
 Y5            -0.464*        0.872*        0.016         0.096
 Y6            -0.033         0.674*        0.006         0.451*
 Y7             0.015        -0.061*        0.324         0.761*
 Y8             0.315*        0.017         0.387*        0.336*
 Y9            -0.001         0.027         0.838*       -0.001
 Y10            0.033         0.841*        0.015        -0.338*
 Y11            0.135*        0.850*       -0.013        -0.197
 Y12            0.014         0.600*       -0.036         0.506*


           GEOMIN FACTOR CORRELATIONS (* significant at 5% level)
                  1             2             3             4
              ________      ________      ________      ________
      1         1.000
      2         0.178         1.000
      3         0.132         0.441*        1.000
      4         0.287*        0.067         0.402*        1.000


           ESTIMATED RESIDUAL VARIANCES
              Y1            Y2            Y3            Y4            Y5
              ________      ________      ________      ________      ________
                0.316        -0.065         0.112         0.251         0.162


           ESTIMATED RESIDUAL VARIANCES
              Y6            Y7            Y8            Y9            Y10
              ________      ________      ________      ________      ________
                0.311         0.130         0.431         0.278         0.205


           ESTIMATED RESIDUAL VARIANCES
              Y11           Y12
              ________      ________
                0.225         0.370


           S.E. GEOMIN ROTATED LOADINGS
                  1             2             3             4
              ________      ________      ________      ________
 Y1             0.062         0.040         0.123         0.081
 Y2             0.146         0.010         0.251         0.020
 Y3             0.123         0.032         0.087         0.035
 Y4             0.084         0.098         0.051         0.025
 Y5             0.080         0.101         0.034         0.106
 Y6             0.049         0.076         0.033         0.131
 Y7             0.040         0.030         0.183         0.093
 Y8             0.080         0.057         0.177         0.079
 Y9             0.055         0.060         0.092         0.059
 Y10            0.029         0.062         0.039         0.108
 Y11            0.063         0.040         0.046         0.147
 Y12            0.033         0.078         0.036         0.126


           S.E. GEOMIN FACTOR CORRELATIONS
                  1             2             3             4
              ________      ________      ________      ________
      1         0.000
      2         0.210         0.000
      3         0.135         0.135         0.000
      4         0.117         0.146         0.112         0.000


           S.E. ESTIMATED RESIDUAL VARIANCES
              Y1            Y2            Y3            Y4            Y5
              ________      ________      ________      ________      ________
                0.045         0.161         0.124         0.053         0.075


           S.E. ESTIMATED RESIDUAL VARIANCES
              Y6            Y7            Y8            Y9            Y10
              ________      ________      ________      ________      ________
                0.050         0.052         0.060         0.102         0.089


           S.E. ESTIMATED RESIDUAL VARIANCES
              Y11           Y12
              ________      ________
                0.071         0.050


           Est./S.E. GEOMIN ROTATED LOADINGS
                  1             2             3             4
              ________      ________      ________      ________
 Y1             2.749         1.041         3.101         6.344
 Y2             5.931         1.193         1.684         1.567
 Y3            -1.061        -0.036        11.065        -0.660
 Y4            -5.328         8.222         0.641        -1.145
 Y5            -5.834         8.660         0.461         0.912
 Y6            -0.667         8.917         0.186         3.450
 Y7             0.378        -2.020         1.768         8.177
 Y8             3.929         0.295         2.189         4.237
 Y9            -0.017         0.455         9.093        -0.016
 Y10            1.147        13.473         0.373        -3.138
 Y11            2.128        21.020        -0.292        -1.343
 Y12            0.420         7.699        -1.017         4.014


           Est./S.E. GEOMIN FACTOR CORRELATIONS
                  1             2             3             4
              ________      ________      ________      ________
      1         0.000
      2         0.846         0.000
      3         0.975         3.268         0.000
      4         2.459         0.456         3.598         0.000


           Est./S.E. ESTIMATED RESIDUAL VARIANCES
              Y1            Y2            Y3            Y4            Y5
              ________      ________      ________      ________      ________
                7.076        -0.400         0.902         4.688         2.161


           Est./S.E. ESTIMATED RESIDUAL VARIANCES
              Y6            Y7            Y8            Y9            Y10
              ________      ________      ________      ________      ________
                6.240         2.480         7.178         2.722         2.300


           Est./S.E. ESTIMATED RESIDUAL VARIANCES
              Y11           Y12
              ________      ________
                3.153         7.445


           FACTOR STRUCTURE
                  1             2             3             4
              ________      ________      ________      ________
 Y1             0.375         0.274         0.629         0.719
 Y2             0.935         0.354         0.555         0.451
 Y3            -0.011         0.397         0.933         0.326
 Y4            -0.307         0.741         0.318        -0.090
 Y5            -0.279         0.803         0.377         0.028
 Y6             0.218         0.701         0.480         0.489
 Y7             0.265         0.135         0.605         0.891
 Y8             0.466         0.266         0.571         0.584
 Y9             0.114         0.396         0.850         0.338
 Y10            0.088         0.831         0.254        -0.267
 Y11            0.228         0.855         0.300        -0.107
 Y12            0.261         0.620         0.433         0.535


EXPLORATORY FACTOR ANALYSIS WITH 5 FACTOR(S):


MODEL FIT INFORMATION

Number of Free Parameters                       50

Chi-Square Test of Model Fit

          Value                             63.894*
          Degrees of Freedom                    16
          P-Value                           0.0000

*   The chi-square value for MLM, MLMV, MLR, ULSMV, WLSM and WLSMV cannot be used
    for chi-square difference testing in the regular way.  MLM, MLR and WLSM
    chi-square difference testing is described on the Mplus website.  MLMV, WLSMV,
    and ULSMV difference testing is done using the DIFFTEST option.

RMSEA (Root Mean Square Error Of Approximation)

          Estimate                           0.043
          90 Percent C.I.                    0.032  0.054
          Probability RMSEA <= .05           0.836

CFI/TLI

          CFI                                0.955
          TLI                                0.813

Chi-Square Test of Model Fit for the Baseline Model

          Value                           1120.115
          Degrees of Freedom                    66
          P-Value                           0.0000

SRMR (Standardized Root Mean Square Residual)

          Value                              0.040



MINIMUM ROTATION FUNCTION VALUE       0.46695



           GEOMIN ROTATED LOADINGS
                  1             2             3             4             5
              ________      ________      ________      ________      ________
 Y1            -0.009         0.357        -0.048         0.728         0.030
 Y2             0.031         0.201        -0.002         0.564         0.094
 Y3            -0.009         0.998         0.054        -0.025        -0.038
 Y4             0.014         0.073         0.656        -0.108         0.235
 Y5             0.002         0.063         0.990        -0.035        -0.003
 Y6            -0.009         0.004         0.686         0.628        -0.022
 Y7             0.009         0.336        -0.012         0.653        -0.118
 Y8             7.978         0.000         0.000         0.000         0.000
 Y9             0.005         0.738         0.012         0.139         0.086
 Y10           -0.003         0.013         0.006        -0.006         1.368
 Y11           -0.005        -0.055         0.549         0.240         0.350
 Y12            0.001        -0.025         0.580         0.648        -0.001


           GEOMIN FACTOR CORRELATIONS
                  1             2             3             4             5
              ________      ________      ________      ________      ________
      1         1.000
      2         0.064         1.000
      3         0.014         0.345         1.000
      4         0.075         0.330        -0.150         1.000
      5        -0.004         0.129         0.388         0.039         1.000


           ESTIMATED RESIDUAL VARIANCES
              Y1            Y2            Y3            Y4            Y5
              ________      ________      ________      ________      ________
                0.168         0.545        -0.009         0.327        -0.034


           ESTIMATED RESIDUAL VARIANCES
              Y6            Y7            Y8            Y9            Y10
              ________      ________      ________      ________      ________
                0.275         0.316       -62.652         0.336        -0.882


           ESTIMATED RESIDUAL VARIANCES
              Y11           Y12
              ________      ________
                0.435         0.377


           FACTOR STRUCTURE
                  1             2             3             4             5
              ________      ________      ________      ________      ________
 Y1             0.068         0.584        -0.023         0.853         0.086
 Y2             0.086         0.400         0.019         0.637         0.141
 Y3             0.055         1.003         0.386         0.294         0.110
 Y4             0.019         0.294         0.788        -0.172         0.494
 Y5             0.018         0.392         1.016        -0.163         0.387
 Y6             0.048         0.444         0.584         0.525         0.269
 Y7             0.080         0.533        -0.040         0.762        -0.054
 Y8             7.978         0.513         0.114         0.596        -0.033
 Y9             0.063         0.800         0.279         0.385         0.191
 Y10           -0.008         0.189         0.542         0.051         1.372
 Y11            0.016         0.258         0.629         0.153         0.565
 Y12            0.056         0.388         0.473         0.553         0.246


EXPLORATORY FACTOR ANALYSIS WITH 6 FACTOR(S):


MODEL FIT INFORMATION

Number of Free Parameters                       57

Chi-Square Test of Model Fit

          Value                             28.139*
          Degrees of Freedom                     9
          P-Value                           0.0009

*   The chi-square value for MLM, MLMV, MLR, ULSMV, WLSM and WLSMV cannot be used
    for chi-square difference testing in the regular way.  MLM, MLR and WLSM
    chi-square difference testing is described on the Mplus website.  MLMV, WLSMV,
    and ULSMV difference testing is done using the DIFFTEST option.

RMSEA (Root Mean Square Error Of Approximation)

          Estimate                           0.036
          90 Percent C.I.                    0.022  0.052
          Probability RMSEA <= .05           0.924

CFI/TLI

          CFI                                0.982
          TLI                                0.867

Chi-Square Test of Model Fit for the Baseline Model

          Value                           1120.115
          Degrees of Freedom                    66
          P-Value                           0.0000

SRMR (Standardized Root Mean Square Residual)

          Value                              0.018



MINIMUM ROTATION FUNCTION VALUE       0.40745



           GEOMIN ROTATED LOADINGS (* significant at 5% level)
                  1             2             3             4             5
              ________      ________      ________      ________      ________
 Y1             0.177         0.115        -0.393*        0.435*        0.064
 Y2             0.085         0.024        -0.569*        0.009         0.414
 Y3             1.371*       -0.020         0.021        -0.009        -0.018
 Y4             0.018         0.561         0.645*        0.052         0.053
 Y5             0.038         0.948*        0.627*       -0.062        -0.024
 Y6             0.007         0.868*       -0.070         0.126        -0.044
 Y7            -0.002        -0.031         0.030         1.195*       -0.018
 Y8            -0.019        -0.013         0.008         0.004         1.181*
 Y9             0.435*        0.083        -0.072         0.208         0.153
 Y10           -0.008        -0.003        -0.010        -0.004        -0.057
 Y11           -0.017         0.589*        0.019        -0.174         0.017
 Y12           -0.092         0.671*       -0.036         0.260         0.044


           GEOMIN ROTATED LOADINGS (* significant at 5% level)
                  6
              ________
 Y1             0.036
 Y2             0.127
 Y3            -0.035
 Y4             0.305*
 Y5             0.022
 Y6            -0.103
 Y7            -0.018
 Y8            -0.053
 Y9             0.134
 Y10            1.232*
 Y11            0.371*
 Y12           -0.013


           GEOMIN FACTOR CORRELATIONS (* significant at 5% level)
                  1             2             3             4             5
              ________      ________      ________      ________      ________
      1         1.000
      2         0.424*        1.000
      3        -0.143        -0.301         1.000
      4         0.305*        0.291        -0.297         1.000
      5         0.321         0.373*       -0.248         0.492*        1.000
      6         0.142         0.469*       -0.003         0.023         0.056


           GEOMIN FACTOR CORRELATIONS (* significant at 5% level)
                  6
              ________
      6         1.000


           ESTIMATED RESIDUAL VARIANCES
              Y1            Y2            Y3            Y4            Y5
              ________      ________      ________      ________      ________
                0.305         0.292        -0.815         0.214         0.038


           ESTIMATED RESIDUAL VARIANCES
              Y6            Y7            Y8            Y9            Y10
              ________      ________      ________      ________      ________
                0.222        -0.366        -0.365         0.477        -0.509


           ESTIMATED RESIDUAL VARIANCES
              Y11           Y12
              ________      ________
                0.351         0.392


           S.E. GEOMIN ROTATED LOADINGS
                  1             2             3             4             5
              ________      ________      ________      ________      ________
 Y1             0.116         0.145         0.156         0.214         0.108
 Y2             0.086         0.023         0.189         0.039         0.422
 Y3             0.193         0.012         0.014         0.011         0.032
 Y4             0.023         0.299         0.075         0.063         0.057
 Y5             0.032         0.298         0.106         0.084         0.036
 Y6             0.030         0.112         0.070         0.299         0.040
 Y7             0.023         0.047         0.047         0.134         0.016
 Y8             0.034         0.020         0.025         0.026         0.521
 Y9             0.172         0.141         0.109         0.108         0.220
 Y10            0.022         0.010         0.022         0.028         0.059
 Y11            0.031         0.099         0.045         0.115         0.066
 Y12            0.054         0.095         0.093         0.226         0.061


           S.E. GEOMIN ROTATED LOADINGS
                  6
              ________
 Y1             0.044
 Y2             0.105
 Y3             0.019
 Y4             0.083
 Y5             0.036
 Y6             0.076
 Y7             0.017
 Y8             0.136
 Y9             0.089
 Y10            0.140
 Y11            0.096
 Y12            0.034


           S.E. GEOMIN FACTOR CORRELATIONS
                  1             2             3             4             5
              ________      ________      ________      ________      ________
      1         0.000
      2         0.114         0.000
      3         0.203         0.371         0.000
      4         0.109         0.168         0.277         0.000
      5         0.181         0.171         0.167         0.246         0.000
      6         0.085         0.087         0.203         0.100         0.166


           S.E. GEOMIN FACTOR CORRELATIONS
                  6
              ________
      6         0.000


           S.E. ESTIMATED RESIDUAL VARIANCES
              Y1            Y2            Y3            Y4            Y5
              ________      ________      ________      ________      ________
                0.067         0.160         0.562         0.086         0.096


           S.E. ESTIMATED RESIDUAL VARIANCES
              Y6            Y7            Y8            Y9            Y10
              ________      ________      ________      ________      ________
                0.073         0.336         1.270         0.095         0.342


           S.E. ESTIMATED RESIDUAL VARIANCES
              Y11           Y12
              ________      ________
                0.069         0.048


           Est./S.E. GEOMIN ROTATED LOADINGS
                  1             2             3             4             5
              ________      ________      ________      ________      ________
 Y1             1.517         0.792        -2.520         2.032         0.594
 Y2             0.983         1.067        -3.014         0.219         0.979
 Y3             7.116        -1.665         1.550        -0.831        -0.577
 Y4             0.778         1.878         8.566         0.825         0.928
 Y5             1.188         3.184         5.943        -0.733        -0.679
 Y6             0.237         7.732        -1.005         0.421        -1.080
 Y7            -0.091        -0.651         0.644         8.886        -1.073
 Y8            -0.563        -0.626         0.329         0.138         2.266
 Y9             2.529         0.586        -0.663         1.921         0.696
 Y10           -0.380        -0.264        -0.444        -0.130        -0.959
 Y11           -0.540         5.936         0.434        -1.516         0.252
 Y12           -1.703         7.032        -0.393         1.151         0.728


           Est./S.E. GEOMIN ROTATED LOADINGS
                  6
              ________
 Y1             0.810
 Y2             1.209
 Y3            -1.787
 Y4             3.671
 Y5             0.595
 Y6            -1.353
 Y7            -1.071
 Y8            -0.393
 Y9             1.504
 Y10            8.804
 Y11            3.866
 Y12           -0.375


           Est./S.E. GEOMIN FACTOR CORRELATIONS
                  1             2             3             4             5
              ________      ________      ________      ________      ________
      1         0.000
      2         3.725         0.000
      3        -0.705        -0.813         0.000
      4         2.801         1.738        -1.073         0.000
      5         1.777         2.178        -1.483         2.004         0.000
      6         1.665         5.374        -0.013         0.228         0.335


           Est./S.E. GEOMIN FACTOR CORRELATIONS
                  6
              ________
      6         0.000


           Est./S.E. ESTIMATED RESIDUAL VARIANCES
              Y1            Y2            Y3            Y4            Y5
              ________      ________      ________      ________      ________
                4.585         1.828        -1.450         2.481         0.397


           Est./S.E. ESTIMATED RESIDUAL VARIANCES
              Y6            Y7            Y8            Y9            Y10
              ________      ________      ________      ________      ________
                3.036        -1.090        -0.288         5.010        -1.489


           Est./S.E. ESTIMATED RESIDUAL VARIANCES
              Y11           Y12
              ________      ________
                5.067         8.162


           FACTOR STRUCTURE
                  1             2             3             4             5
              ________      ________      ________      ________      ________
 Y1             0.440         0.476        -0.598         0.671         0.477
 Y2             0.330         0.448        -0.693         0.417         0.602
 Y3             1.346         0.530        -0.162         0.387         0.403
 Y4             0.240         0.552         0.444         0.063         0.151
 Y5             0.327         0.758         0.360         0.028         0.157
 Y6             0.395         0.864        -0.359         0.378         0.356
 Y7             0.337         0.292        -0.310         1.167         0.550
 Y8             0.347         0.393        -0.279         0.572         1.167
 Y9             0.612         0.470        -0.260         0.465         0.451
 Y10            0.148         0.552         0.004        -0.004         0.008
 Y11            0.235         0.705        -0.109         0.003         0.160
 Y12            0.290         0.729        -0.314         0.460         0.401


           FACTOR STRUCTURE
                  6
              ________
 Y1             0.129
 Y2             0.175
 Y3             0.150
 Y4             0.573
 Y5             0.467
 Y6             0.305
 Y7            -0.006
 Y8             0.004
 Y9             0.248
 Y10            1.227
 Y11            0.641
 Y12            0.297


MODIFICATION INDICES


     MODIFICATION INDICES FOR ANALYSIS WITH 2 FACTOR(S)



     MODIFICATION INDICES


           THETA
              Y1            Y2            Y3            Y4            Y5
              ________      ________      ________      ________      ________
 Y1             0.000
 Y2             0.417         0.000
 Y3             0.091         2.104         0.000
 Y4             0.017         2.243         0.044         0.000
 Y5             0.405         2.004         0.362        13.568         0.000
 Y6             0.710         0.085         0.577         0.288         1.066
 Y7            11.757         8.523         1.249         1.048         0.116
 Y8             5.992        19.217         1.875         2.854         0.559
 Y9             1.180         1.556        27.461         0.122         0.173
 Y10            1.466         3.778         1.768         0.480        10.205
 Y11            0.800         4.549         0.997         8.867         3.811
 Y12            0.869         1.000         3.534         0.555         0.029


           THETA
              Y6            Y7            Y8            Y9            Y10
              ________      ________      ________      ________      ________
 Y6             0.000
 Y7             0.952         0.000
 Y8             1.318         0.575         0.000
 Y9             3.724         0.293         0.328         0.000
 Y10            3.006         0.291         0.680         0.017         0.000
 Y11            0.620         0.882         0.014         0.435        20.842
 Y12            8.537         0.977         0.054         0.956         1.310


           THETA
              Y11           Y12
              ________      ________
 Y11            0.000
 Y12            0.035         0.000


     EXPECTED PARAMETER CHANGE


           THETA
              Y1            Y2            Y3            Y4            Y5
              ________      ________      ________      ________      ________
 Y1             0.000
 Y2            -0.051         0.000
 Y3            -0.026        -0.159         0.000
 Y4            -0.018        -0.185         0.027         0.000
 Y5            -0.082        -0.173         0.076         0.304         0.000
 Y6             0.073        -0.028        -0.086        -0.053         0.077
 Y7             0.246        -0.289        -0.141         0.148         0.047
 Y8            -0.203         0.270        -0.131         0.196         0.079
 Y9            -0.097        -0.135         0.414        -0.047        -0.057
 Y10            0.162         0.232        -0.185        -0.063        -0.381
 Y11            0.100         0.223        -0.130        -0.304        -0.158
 Y12           -0.075        -0.090        -0.232        -0.079        -0.015


           THETA
              Y6            Y7            Y8            Y9            Y10
              ________      ________      ________      ________      ________
 Y6             0.000
 Y7            -0.096         0.000
 Y8            -0.102        -0.059         0.000
 Y9            -0.230        -0.055        -0.051         0.000
 Y10           -0.176         0.069        -0.096         0.016         0.000
 Y11           -0.065        -0.112         0.012        -0.074         0.358
 Y12            0.180         0.087        -0.020        -0.098        -0.096


           THETA
              Y11           Y12
              ________      ________
 Y11            0.000
 Y12            0.014         0.000


     MODIFICATION INDICES FOR ANALYSIS WITH 3 FACTOR(S)



     MODIFICATION INDICES


           THETA
              Y1            Y2            Y3            Y4            Y5
              ________      ________      ________      ________      ________
 Y1             0.000
 Y2             0.689         0.000
 Y3             0.346         4.338         0.000
 Y4             0.013         0.058         0.720         0.000
 Y5             0.777         0.018         0.457         5.179         0.000
 Y6             1.061         0.097         0.823         0.642         0.889
 Y7            13.666        10.512         7.855         1.266         0.001
 Y8             5.935        17.808         0.140         6.972         2.299
 Y9             1.639         1.375        31.012         1.752         2.665
 Y10            2.353         0.284         0.020         4.648         6.781
 Y11            1.447         0.449         1.204         6.450         0.195
 Y12            1.365         3.146         5.336         0.971         0.142


           THETA
              Y6            Y7            Y8            Y9            Y10
              ________      ________      ________      ________      ________
 Y6             0.000
 Y7             2.026         0.000
 Y8             1.738         0.186         0.000
 Y9             6.013         2.709         0.573         0.000
 Y10            3.421         1.837         3.917         3.459         0.000
 Y11            0.928         0.274         1.167         1.161         8.889
 Y12           12.608         1.381         0.036         1.173         1.542


           THETA
              Y11           Y12
              ________      ________
 Y11            0.000
 Y12            0.004         0.000


     EXPECTED PARAMETER CHANGE


           THETA
              Y1            Y2            Y3            Y4            Y5
              ________      ________      ________      ________      ________
 Y1             0.000
 Y2            -0.080         0.000
 Y3            -0.049         0.280         0.000
 Y4            -0.012        -0.033        -0.104         0.000
 Y5            -0.094         0.019        -0.086         0.249         0.000
 Y6             0.071        -0.029        -0.091        -0.067         0.066
 Y7             0.239        -0.337        -0.339         0.134         0.003
 Y8            -0.171         0.434        -0.032         0.258         0.138
 Y9            -0.100         0.137         0.596        -0.155        -0.200
 Y10            0.168         0.069         0.018         0.192        -0.263
 Y11            0.116        -0.093         0.143        -0.236         0.038
 Y12           -0.076        -0.164        -0.246        -0.087        -0.030


           THETA
              Y6            Y7            Y8            Y9            Y10
              ________      ________      ________      ________      ________
 Y6             0.000
 Y7            -0.116         0.000
 Y8            -0.094         0.029         0.000
 Y9            -0.245        -0.156         0.058         0.000
 Y10           -0.160         0.154        -0.191         0.199         0.000
 Y11           -0.076        -0.058        -0.099         0.115         0.392
 Y12            0.177         0.085        -0.014        -0.092        -0.088


           THETA
              Y11           Y12
              ________      ________
 Y11            0.000
 Y12            0.005         0.000


     MODIFICATION INDICES FOR ANALYSIS WITH 4 FACTOR(S)



     MODIFICATION INDICES


           THETA
              Y1            Y2            Y3            Y4            Y5
              ________      ________      ________      ________      ________
 Y1             0.000
 Y2             0.017         0.000
 Y3             0.972         0.044         0.000
 Y4             0.584         1.312         1.968         0.000
 Y5             3.530         6.017         0.267        10.818         0.000
 Y6             1.703         0.989         7.875         1.200         1.078
 Y7            14.103         6.838         5.228         1.025         0.771
 Y8             6.837        25.462         1.689        10.763         2.986
 Y9             0.732         3.247        10.728         2.485         1.251
 Y10            4.733         0.248         3.438         9.751        12.445
 Y11            2.733        10.393         0.103        12.231         0.559
 Y12            5.145         1.848         0.265         2.412         1.507


           THETA
              Y6            Y7            Y8            Y9            Y10
              ________      ________      ________      ________      ________
 Y6             0.000
 Y7            14.624         0.000
 Y8             1.784         1.579         0.000
 Y9             1.410         0.010         0.300         0.000
 Y10            3.245        13.023         6.462         1.001         0.000
 Y11            0.393         0.005         1.082         0.208        15.769
 Y12            8.136         0.010         0.088         8.857         0.270


           THETA
              Y11           Y12
              ________      ________
 Y11            0.000
 Y12            0.683         0.000


     EXPECTED PARAMETER CHANGE


           THETA
              Y1            Y2            Y3            Y4            Y5
              ________      ________      ________      ________      ________
 Y1             0.000
 Y2            -0.012         0.000
 Y3             0.079         0.029         0.000
 Y4            -0.061         0.166        -0.173         0.000
 Y5            -0.147         0.395         0.061         0.306         0.000
 Y6             0.073         0.085         0.303        -0.075         0.063
 Y7             0.249        -0.271        -0.242         0.093        -0.077
 Y8            -0.133         0.536        -0.105         0.234         0.116
 Y9            -0.057        -0.217         1.118        -0.164        -0.114
 Y10            0.178        -0.072        -0.205         0.221        -0.269
 Y11            0.117        -0.504         0.034        -0.239         0.049
 Y12           -0.126        -0.120        -0.068        -0.112        -0.083


           THETA
              Y6            Y7            Y8            Y9            Y10
              ________      ________      ________      ________      ________
 Y6             0.000
 Y7            -0.286         0.000
 Y8            -0.074         0.073         0.000
 Y9            -0.111         0.009         0.037         0.000
 Y10           -0.120         0.362        -0.179         0.092         0.000
 Y11           -0.038         0.007        -0.069         0.040         0.455
 Y12            0.187         0.008         0.017         0.305        -0.032


           THETA
              Y11           Y12
              ________      ________
 Y11            0.000
 Y12            0.048         0.000


     MODIFICATION INDICES FOR ANALYSIS WITH 5 FACTOR(S)



     MODIFICATION INDICES


           THETA
              Y1            Y2            Y3            Y4            Y5
              ________      ________      ________      ________      ________
 Y1             0.000
 Y2             0.172         0.000
 Y3             0.001         1.168         0.000
 Y4             2.097         9.006         0.676         0.000
 Y5             3.439         1.232         1.311         4.835         0.000
 Y6             0.778         1.257         6.122         0.121         1.224
 Y7            14.698        11.870         5.825         6.311         3.887
 Y8             8.133         0.000         0.117         7.563         0.015
 Y9             5.846         0.583        10.795         0.525         0.659
 Y10            0.083         3.209         0.630        17.586         2.438
 Y11            0.088         8.252         0.046         6.934         1.652
 Y12           14.488         0.181         1.709         0.280         2.020


           THETA
              Y6            Y7            Y8            Y9            Y10
              ________      ________      ________      ________      ________
 Y6             0.000
 Y7             8.328         0.000
 Y8             1.253         0.147         0.000
 Y9             2.630         0.441         1.578         0.000
 Y10            0.274         4.383         0.000         0.009         0.000
 Y11            0.164        13.622         0.335         0.471         6.678
 Y12            2.492         6.220         0.787         6.885         0.136


           THETA
              Y11           Y12
              ________      ________
 Y11            0.000
 Y12            0.314         0.000


     EXPECTED PARAMETER CHANGE


           THETA
              Y1            Y2            Y3            Y4            Y5
              ________      ________      ________      ________      ________
 Y1             0.000
 Y2             0.025         0.000
 Y3             0.003         0.110         0.000
 Y4             0.124        -0.236        -0.104         0.000
 Y5             0.175        -0.089        -0.188         0.235         0.000
 Y6             0.054         0.069         0.263         0.022        -0.084
 Y7             0.250        -0.263        -0.233         0.198         0.172
 Y8            39.270         0.000        -7.182        50.539         2.042
 Y9            -0.168         0.050         1.148        -0.063        -0.086
 Y10            0.061        -0.374        -0.262         1.320        -0.419
 Y11            0.018         0.165         0.021        -0.219         0.088
 Y12           -0.209        -0.023        -0.150        -0.032        -0.097


           THETA
              Y6            Y7            Y8            Y9            Y10
              ________      ________      ________      ________      ________
 Y6             0.000
 Y7            -0.172         0.000
 Y8            14.933         5.610         0.000
 Y9            -0.129         0.045       -16.491         0.000
 Y10           -0.099         0.458         0.000        -0.022         0.000
 Y11           -0.021        -0.229        -6.917         0.047        -1.724
 Y12            0.100         0.136        -9.064         0.205         0.058


           THETA
              Y11           Y12
              ________      ________
 Y11            0.000
 Y12            0.026         0.000


     MODIFICATION INDICES FOR ANALYSIS WITH 6 FACTOR(S)



     MODIFICATION INDICES


           THETA
              Y1            Y2            Y3            Y4            Y5
              ________      ________      ________      ________      ________
 Y1             0.000
 Y2             0.427         0.000
 Y3             3.268         0.203         0.000
 Y4             0.643         0.955         0.049         0.000
 Y5             0.005         1.151         0.945         0.197         0.000
 Y6             4.468         0.122         3.283         6.469         1.148
 Y7             3.347         4.919         0.173         1.636         5.964
 Y8             0.006         0.592         0.800         5.349         2.518
 Y9             0.637         0.229         5.518         0.250         0.145
 Y10            0.207         1.653         1.338        12.280         9.687
 Y11            0.001         5.692         0.335         9.441         9.189
 Y12           11.930         2.161         0.139         1.478         3.921


           THETA
              Y6            Y7            Y8            Y9            Y10
              ________      ________      ________      ________      ________
 Y6             0.000
 Y7            10.665         0.000
 Y8             0.278         3.660         0.000
 Y9             5.780         0.672         0.171         0.000
 Y10            6.419         0.819         4.579         0.270         0.000
 Y11           13.031         0.900         8.726         0.162         1.574
 Y12            7.571         4.914         1.742         6.411         0.144


           THETA
              Y11           Y12
              ________      ________
 Y11            0.000
 Y12            0.887         0.000


     EXPECTED PARAMETER CHANGE


           THETA
              Y1            Y2            Y3            Y4            Y5
              ________      ________      ________      ________      ________
 Y1             0.000
 Y2             0.036         0.000
 Y3            -0.413        -0.103         0.000
 Y4             0.053        -0.104        -0.045         0.000
 Y5             0.005         0.103        -0.216         0.054         0.000
 Y6             0.104        -0.023         0.316         0.166        -0.069
 Y7             0.431         0.517         0.166        -0.223         0.344
 Y8            -0.011         0.871         0.602         0.706        -0.402
 Y9             0.078        -0.039         2.226        -0.035         0.027
 Y10           -0.057        -0.251         0.461         0.804        -0.419
 Y11            0.002         0.177        -0.085        -0.251         0.145
 Y12           -0.175        -0.072        -0.084        -0.064        -0.104


           THETA
              Y6            Y7            Y8            Y9            Y10
              ________      ________      ________      ________      ________
 Y6             0.000
 Y7            -0.353         0.000
 Y8             0.117        -0.829         0.000
 Y9            -0.138        -0.107        -0.098         0.000
 Y10            0.443        -0.298         2.013        -0.069         0.000
 Y11           -0.198         0.204        -0.702         0.020        -0.785
 Y12            0.165         0.317         0.178         0.144         0.037


           THETA
              Y11           Y12
              ________      ________
 Y11            0.000
 Y12            0.037         0.000


PLOT INFORMATION

The following plots are available:

  Eigenvalues for exploratory factor analysis
  Sample proportions

DIAGRAM INFORMATION

  Mplus diagrams are currently not available for EFA.
  No diagram output was produced.


     Beginning Time:  07:15:01
        Ending Time:  07:15:07
       Elapsed Time:  00:00:06



MUTHEN & MUTHEN
3463 Stoner Ave.
Los Angeles, CA  90066

Tel: (310) 391-9971
Fax: (310) 391-8971
Web: www.StatModel.com
Support: Support@StatModel.com

Copyright (c) 1998-2017 Muthen & Muthen
